<?xml version="1.0" encoding="UTF-8"?>
<!-- Generated by org.testng.reporters.JUnitReportReporter -->
<testsuite skipped="0" hostname="Bhushan-PC" name="examples.AmazonHomePage" tests="1" failures="0" timestamp="28 Jul 2017 06:28:22 GMT" time="19.864" errors="0">
  <testcase name="signInTest" time="19.864" classname="examples.AmazonHomePage"/>
</testsuite> <!-- examples.AmazonHomePage -->
