<?xml version="1.0" encoding="UTF-8"?>
<!-- Generated by org.testng.reporters.JUnitReportReporter -->
<testsuite skipped="0" hostname="Bhushan-PC" name="examples.Alerts" tests="1" failures="0" timestamp="26 Jul 2017 22:22:36 GMT" time="0.498" errors="0">
  <testcase name="method1" time="0.498" classname="examples.Alerts"/>
</testsuite> <!-- examples.Alerts -->
