<?xml version="1.0" encoding="UTF-8"?>
<!-- Generated by org.testng.reporters.JUnitReportReporter -->
<testsuite skipped="0" hostname="Bhushan-PC" name="examples.DragAndDrop" tests="1" failures="0" timestamp="28 Jul 2017 23:19:57 GMT" time="13.479" errors="0">
  <testcase name="handleCookies" time="13.479" classname="examples.DragAndDrop"/>
</testsuite> <!-- examples.DragAndDrop -->
